<?xml version="1.0" encoding="UTF-8"?>
<!-- Generated by org.testng.reporters.JUnitReportReporter -->
<testsuite hostname="DESKTOP-TL25OI3" failures="0" tests="2" name="com.mystore.testcases.TC_ProductPageTest" time="42.331" errors="0" timestamp="2025-03-20T00:02:05 IST" skipped="0">
  <testcase classname="com.mystore.testcases.TC_ProductPageTest" name="VerifyBuyProduct" time="28.971"/>
  <testcase classname="com.mystore.testcases.TC_ProductPageTest" name="VerifySearchProduct" time="13.360"/>
</testsuite> <!-- com.mystore.testcases.TC_ProductPageTest -->
