<?xml version="1.0" encoding="UTF-8"?>
<!-- Generated by org.testng.reporters.JUnitReportReporter -->
<testsuite hostname="DESKTOP-TL25OI3" failures="0" tests="2" name="com.mystore.testcases.TC_ProductPageTest" time="39.632" errors="0" timestamp="2025-03-19T18:35:11 IST" skipped="0">
  <testcase classname="com.mystore.testcases.TC_ProductPageTest" name="VerifySearchProduct" time="12.999"/>
  <testcase classname="com.mystore.testcases.TC_ProductPageTest" name="VerifyBuyProduct" time="26.633"/>
</testsuite> <!-- com.mystore.testcases.TC_ProductPageTest -->
