<?xml version="1.0" encoding="UTF-8"?>
<!-- Generated by org.testng.reporters.JUnitReportReporter -->
<testsuite hostname="DESKTOP-TL25OI3" failures="0" tests="3" name="com.mystore.testcases.TC_MyAccountPageTest" time="21.569" errors="0" timestamp="2025-03-19T18:35:11 IST" skipped="1">
  <testcase classname="com.mystore.testcases.TC_MyAccountPageTest" name="VerifyLogin" time="11.732"/>
  <testcase classname="com.mystore.testcases.TC_MyAccountPageTest" name="VerifySignOut" time="9.837"/>
  <testcase classname="com.mystore.testcases.TC_MyAccountPageTest" name="verifyRegistrationAndLogin">
    <skipped/>
  </testcase> <!-- verifyRegistrationAndLogin -->
</testsuite> <!-- com.mystore.testcases.TC_MyAccountPageTest -->
